<?xml version="1.0" encoding="UTF-8"?>
<testng-results ignored="0" total="1" passed="0" failed="0" skipped="1">
  <reporter-output>
  </reporter-output>
  <suite started-at="2022-11-26T16:02:26 EST" name="Suite" finished-at="2022-11-26T16:02:26 EST" duration-ms="122">
    <groups>
    </groups>
    <test started-at="2022-11-26T16:02:26 EST" name="Test" finished-at="2022-11-26T16:02:26 EST" duration-ms="122">
      <class name="utils_IntegrateExcelWDatapro.DataProvider_CreateLead">
        <test-method signature="createLead(java.lang.String, java.lang.String, java.lang.String)[pri:0, instance:utils_IntegrateExcelWDatapro.DataProvider_CreateLead@1649b0e6]" started-at="2022-11-26T16:02:26 EST" name="createLead" data-provider="getData" finished-at="2022-11-26T16:02:26 EST" duration-ms="0" status="SKIP">
          <exception class="java.lang.RuntimeException">
            <message>
              <![CDATA[org.apache.poi.openxml4j.exceptions.InvalidOperationException: Can't open the specified file input stream from file: '.\data\ReadData.xlsx']]>
            </message>
            <full-stacktrace>
              <![CDATA[java.lang.RuntimeException: org.apache.poi.openxml4j.exceptions.InvalidOperationException: Can't open the specified file input stream from file: '.\data\ReadData.xlsx'
at org.testng.internal.MethodInvocationHelper.invokeMethodNoCheckedException(MethodInvocationHelper.java:50)
at org.testng.internal.MethodInvocationHelper.invokeDataProvider(MethodInvocationHelper.java:146)
at org.testng.internal.Parameters.handleParameters(Parameters.java:820)
at org.testng.internal.Parameters.handleParameters(Parameters.java:762)
at org.testng.internal.ParameterHandler.handleParameters(ParameterHandler.java:60)
at org.testng.internal.ParameterHandler.createParameters(ParameterHandler.java:39)
at org.testng.internal.TestInvoker$MethodInvocationAgent.invoke(TestInvoker.java:771)
at org.testng.internal.TestInvoker.invokeTestMethods(TestInvoker.java:145)
at org.testng.internal.TestMethodWorker.invokeTestMethods(TestMethodWorker.java:146)
at org.testng.internal.TestMethodWorker.run(TestMethodWorker.java:128)
at java.base/java.util.ArrayList.forEach(ArrayList.java:1511)
at org.testng.TestRunner.privateRun(TestRunner.java:770)
at org.testng.TestRunner.run(TestRunner.java:591)
at org.testng.SuiteRunner.runTest(SuiteRunner.java:402)
at org.testng.SuiteRunner.runSequentially(SuiteRunner.java:396)
at org.testng.SuiteRunner.privateRun(SuiteRunner.java:355)
at org.testng.SuiteRunner.run(SuiteRunner.java:304)
at org.testng.SuiteRunnerWorker.runSuite(SuiteRunnerWorker.java:53)
at org.testng.SuiteRunnerWorker.run(SuiteRunnerWorker.java:96)
at org.testng.TestNG.runSuitesSequentially(TestNG.java:1180)
at org.testng.TestNG.runSuitesLocally(TestNG.java:1102)
at org.testng.TestNG.runSuites(TestNG.java:1032)
at org.testng.TestNG.run(TestNG.java:1000)
at org.testng.remote.AbstractRemoteTestNG.run(AbstractRemoteTestNG.java:115)
at org.testng.remote.RemoteTestNG.initAndRun(RemoteTestNG.java:251)
at org.testng.remote.RemoteTestNG.main(RemoteTestNG.java:77)
Caused by: org.apache.poi.openxml4j.exceptions.InvalidOperationException: Can't open the specified file input stream from file: '.\data\ReadData.xlsx'
at org.apache.poi.openxml4j.opc.ZipPackage.openZipEntrySourceStream(ZipPackage.java:166)
at org.apache.poi.openxml4j.opc.ZipPackage.<init>(ZipPackage.java:153)
at org.apache.poi.openxml4j.opc.ZipPackage.<init>(ZipPackage.java:123)
at org.apache.poi.openxml4j.opc.OPCPackage.open(OPCPackage.java:233)
at org.apache.poi.openxml4j.opc.OPCPackage.open(OPCPackage.java:166)
at org.apache.poi.ooxml.POIXMLDocument.openPackage(POIXMLDocument.java:89)
at org.apache.poi.xssf.usermodel.XSSFWorkbook.<init>(XSSFWorkbook.java:336)
at utils_IntegrateExcelWDatapro.ReadExcel.readExcel(ReadExcel.java:18)
at utils_IntegrateExcelWDatapro.ProjectSpecificWrapper.getData(ProjectSpecificWrapper.java:56)
at java.base/jdk.internal.reflect.DirectMethodHandleAccessor.invoke(DirectMethodHandleAccessor.java:104)
at java.base/java.lang.reflect.Method.invoke(Method.java:577)
at org.testng.internal.MethodInvocationHelper.invokeMethod(MethodInvocationHelper.java:133)
at org.testng.internal.MethodInvocationHelper.invokeMethod(MethodInvocationHelper.java:77)
at org.testng.internal.MethodInvocationHelper.invokeMethodNoCheckedException(MethodInvocationHelper.java:46)
... 25 more
Caused by: java.io.FileNotFoundException: .\data\ReadData.xlsx (The system cannot find the path specified)
at java.base/java.io.FileInputStream.open0(Native Method)
at java.base/java.io.FileInputStream.open(FileInputStream.java:216)
at java.base/java.io.FileInputStream.<init>(FileInputStream.java:157)
at org.apache.poi.openxml4j.opc.ZipPackage.openZipEntrySourceStream(ZipPackage.java:163)
... 38 more
]]>
            </full-stacktrace>
          </exception> <!-- java.lang.RuntimeException -->
          <reporter-output>
          </reporter-output>
        </test-method> <!-- createLead -->
      </class> <!-- utils_IntegrateExcelWDatapro.DataProvider_CreateLead -->
    </test> <!-- Test -->
  </suite> <!-- Suite -->
</testng-results>
